2011/09/16 16:12:11 [error] [exception.CDbException] could not find driver
2011/09/16 16:12:11 [error] [exception.CDbException] exception 'CDbException' with message 'CDbConnection failed to open the DB connection.' in D:\Dropbox\PROJECTS_DIR\diamant_catalog\yii\framework\db\CDbConnection.php:370
Stack trace:
#0 D:\Dropbox\PROJECTS_DIR\diamant_catalog\yii\framework\db\CDbConnection.php(313): CDbConnection->open()
#1 D:\Dropbox\PROJECTS_DIR\diamant_catalog\yii\framework\db\CDbConnection.php(291): CDbConnection->setActive(true)
#2 D:\Dropbox\PROJECTS_DIR\diamant_catalog\yii\framework\base\CModule.php(372): CDbConnection->init()
#3 D:\Dropbox\PROJECTS_DIR\diamant_catalog\yii\framework\base\CApplication.php(429): CModule->getComponent('db')
#4 D:\Dropbox\PROJECTS_DIR\diamant_catalog\yii\framework\db\ar\CActiveRecord.php(609): CApplication->getDb()
#5 D:\Dropbox\PROJECTS_DIR\diamant_catalog\yii\framework\db\ar\CActiveRecord.php(2275): CActiveRecord->getDbConnection()
#6 D:\Dropbox\PROJECTS_DIR\diamant_catalog\yii\framework\db\ar\CActiveRecord.php(372): CActiveRecordMetaData->__construct(Object(Post))
#7 D:\Dropbox\PROJECTS_DIR\diamant_catalog\yii\framework\web\CActiveDataProvider.php(72): CActiveRecord::model('Post')
#8 D:\Dropbox\PROJECTS_DIR\diamant_catalog\yii\demos\blog\protected\controllers\PostController.php(132): CActiveDataProvider->__construct('Post', Array)
#9 D:\Dropbox\PROJECTS_DIR\diamant_catalog\yii\framework\web\actions\CInlineAction.php(50): PostController->actionIndex()
#10 D:\Dropbox\PROJECTS_DIR\diamant_catalog\yii\framework\web\CController.php(300): CInlineAction->runWithParams(Array)
#11 D:\Dropbox\PROJECTS_DIR\diamant_catalog\yii\framework\web\filters\CFilterChain.php(134): CController->runAction(Object(CInlineAction))
#12 D:\Dropbox\PROJECTS_DIR\diamant_catalog\yii\framework\web\filters\CFilter.php(41): CFilterChain->run()
#13 D:\Dropbox\PROJECTS_DIR\diamant_catalog\yii\framework\web\CController.php(1144): CFilter->filter(Object(CFilterChain))
#14 D:\Dropbox\PROJECTS_DIR\diamant_catalog\yii\framework\web\filters\CInlineFilter.php(59): CController->filterAccessControl(Object(CFilterChain))
#15 D:\Dropbox\PROJECTS_DIR\diamant_catalog\yii\framework\web\filters\CFilterChain.php(131): CInlineFilter->filter(Object(CFilterChain))
#16 D:\Dropbox\PROJECTS_DIR\diamant_catalog\yii\framework\web\CController.php(283): CFilterChain->run()
#17 D:\Dropbox\PROJECTS_DIR\diamant_catalog\yii\framework\web\CController.php(257): CController->runActionWithFilters(Object(CInlineAction), Array)
#18 D:\Dropbox\PROJECTS_DIR\diamant_catalog\yii\framework\web\CWebApplication.php(277): CController->run('index')
#19 D:\Dropbox\PROJECTS_DIR\diamant_catalog\yii\framework\web\CWebApplication.php(136): CWebApplication->runController('post/index')
#20 D:\Dropbox\PROJECTS_DIR\diamant_catalog\yii\framework\base\CApplication.php(158): CWebApplication->processRequest()
#21 D:\Dropbox\PROJECTS_DIR\diamant_catalog\yii\demos\blog\index.php(11): CApplication->run()
#22 {main} REQUEST_URI=/yii/demos/blog/index.php/post/index
2011/09/16 16:12:16 [error] [exception.CDbException] could not find driver
2011/09/16 16:12:16 [error] [exception.CDbException] exception 'CDbException' with message 'CDbConnection failed to open the DB connection.' in D:\Dropbox\PROJECTS_DIR\diamant_catalog\yii\framework\db\CDbConnection.php:370
Stack trace:
#0 D:\Dropbox\PROJECTS_DIR\diamant_catalog\yii\framework\db\CDbConnection.php(313): CDbConnection->open()
#1 D:\Dropbox\PROJECTS_DIR\diamant_catalog\yii\framework\db\CDbConnection.php(291): CDbConnection->setActive(true)
#2 D:\Dropbox\PROJECTS_DIR\diamant_catalog\yii\framework\base\CModule.php(372): CDbConnection->init()
#3 D:\Dropbox\PROJECTS_DIR\diamant_catalog\yii\framework\base\CApplication.php(429): CModule->getComponent('db')
#4 D:\Dropbox\PROJECTS_DIR\diamant_catalog\yii\framework\db\ar\CActiveRecord.php(609): CApplication->getDb()
#5 D:\Dropbox\PROJECTS_DIR\diamant_catalog\yii\framework\db\ar\CActiveRecord.php(2275): CActiveRecord->getDbConnection()
#6 D:\Dropbox\PROJECTS_DIR\diamant_catalog\yii\framework\db\ar\CActiveRecord.php(372): CActiveRecordMetaData->__construct(Object(Post))
#7 D:\Dropbox\PROJECTS_DIR\diamant_catalog\yii\framework\web\CActiveDataProvider.php(72): CActiveRecord::model('Post')
#8 D:\Dropbox\PROJECTS_DIR\diamant_catalog\yii\demos\blog\protected\controllers\PostController.php(132): CActiveDataProvider->__construct('Post', Array)
#9 D:\Dropbox\PROJECTS_DIR\diamant_catalog\yii\framework\web\actions\CInlineAction.php(50): PostController->actionIndex()
#10 D:\Dropbox\PROJECTS_DIR\diamant_catalog\yii\framework\web\CController.php(300): CInlineAction->runWithParams(Array)
#11 D:\Dropbox\PROJECTS_DIR\diamant_catalog\yii\framework\web\filters\CFilterChain.php(134): CController->runAction(Object(CInlineAction))
#12 D:\Dropbox\PROJECTS_DIR\diamant_catalog\yii\framework\web\filters\CFilter.php(41): CFilterChain->run()
#13 D:\Dropbox\PROJECTS_DIR\diamant_catalog\yii\framework\web\CController.php(1144): CFilter->filter(Object(CFilterChain))
#14 D:\Dropbox\PROJECTS_DIR\diamant_catalog\yii\framework\web\filters\CInlineFilter.php(59): CController->filterAccessControl(Object(CFilterChain))
#15 D:\Dropbox\PROJECTS_DIR\diamant_catalog\yii\framework\web\filters\CFilterChain.php(131): CInlineFilter->filter(Object(CFilterChain))
#16 D:\Dropbox\PROJECTS_DIR\diamant_catalog\yii\framework\web\CController.php(283): CFilterChain->run()
#17 D:\Dropbox\PROJECTS_DIR\diamant_catalog\yii\framework\web\CController.php(257): CController->runActionWithFilters(Object(CInlineAction), Array)
#18 D:\Dropbox\PROJECTS_DIR\diamant_catalog\yii\framework\web\CWebApplication.php(277): CController->run('')
#19 D:\Dropbox\PROJECTS_DIR\diamant_catalog\yii\framework\web\CWebApplication.php(136): CWebApplication->runController('')
#20 D:\Dropbox\PROJECTS_DIR\diamant_catalog\yii\framework\base\CApplication.php(158): CWebApplication->processRequest()
#21 D:\Dropbox\PROJECTS_DIR\diamant_catalog\yii\demos\blog\index.php(11): CApplication->run()
#22 {main} REQUEST_URI=/yii/demos/blog/index.php
2011/09/16 16:12:23 [error] [exception.CDbException] could not find driver
2011/09/16 16:12:23 [error] [exception.CDbException] exception 'CDbException' with message 'CDbConnection failed to open the DB connection.' in D:\Dropbox\PROJECTS_DIR\diamant_catalog\yii\framework\db\CDbConnection.php:370
Stack trace:
#0 D:\Dropbox\PROJECTS_DIR\diamant_catalog\yii\framework\db\CDbConnection.php(313): CDbConnection->open()
#1 D:\Dropbox\PROJECTS_DIR\diamant_catalog\yii\framework\db\CDbConnection.php(291): CDbConnection->setActive(true)
#2 D:\Dropbox\PROJECTS_DIR\diamant_catalog\yii\framework\base\CModule.php(372): CDbConnection->init()
#3 D:\Dropbox\PROJECTS_DIR\diamant_catalog\yii\framework\base\CApplication.php(429): CModule->getComponent('db')
#4 D:\Dropbox\PROJECTS_DIR\diamant_catalog\yii\framework\db\ar\CActiveRecord.php(609): CApplication->getDb()
#5 D:\Dropbox\PROJECTS_DIR\diamant_catalog\yii\framework\db\ar\CActiveRecord.php(2275): CActiveRecord->getDbConnection()
#6 D:\Dropbox\PROJECTS_DIR\diamant_catalog\yii\framework\db\ar\CActiveRecord.php(372): CActiveRecordMetaData->__construct(Object(Post))
#7 D:\Dropbox\PROJECTS_DIR\diamant_catalog\yii\framework\web\CActiveDataProvider.php(72): CActiveRecord::model('Post')
#8 D:\Dropbox\PROJECTS_DIR\diamant_catalog\yii\demos\blog\protected\controllers\PostController.php(132): CActiveDataProvider->__construct('Post', Array)
#9 D:\Dropbox\PROJECTS_DIR\diamant_catalog\yii\framework\web\actions\CInlineAction.php(50): PostController->actionIndex()
#10 D:\Dropbox\PROJECTS_DIR\diamant_catalog\yii\framework\web\CController.php(300): CInlineAction->runWithParams(Array)
#11 D:\Dropbox\PROJECTS_DIR\diamant_catalog\yii\framework\web\filters\CFilterChain.php(134): CController->runAction(Object(CInlineAction))
#12 D:\Dropbox\PROJECTS_DIR\diamant_catalog\yii\framework\web\filters\CFilter.php(41): CFilterChain->run()
#13 D:\Dropbox\PROJECTS_DIR\diamant_catalog\yii\framework\web\CController.php(1144): CFilter->filter(Object(CFilterChain))
#14 D:\Dropbox\PROJECTS_DIR\diamant_catalog\yii\framework\web\filters\CInlineFilter.php(59): CController->filterAccessControl(Object(CFilterChain))
#15 D:\Dropbox\PROJECTS_DIR\diamant_catalog\yii\framework\web\filters\CFilterChain.php(131): CInlineFilter->filter(Object(CFilterChain))
#16 D:\Dropbox\PROJECTS_DIR\diamant_catalog\yii\framework\web\CController.php(283): CFilterChain->run()
#17 D:\Dropbox\PROJECTS_DIR\diamant_catalog\yii\framework\web\CController.php(257): CController->runActionWithFilters(Object(CInlineAction), Array)
#18 D:\Dropbox\PROJECTS_DIR\diamant_catalog\yii\framework\web\CWebApplication.php(277): CController->run('index')
#19 D:\Dropbox\PROJECTS_DIR\diamant_catalog\yii\framework\web\CWebApplication.php(136): CWebApplication->runController('post/index')
#20 D:\Dropbox\PROJECTS_DIR\diamant_catalog\yii\framework\base\CApplication.php(158): CWebApplication->processRequest()
#21 D:\Dropbox\PROJECTS_DIR\diamant_catalog\yii\demos\blog\index.php(11): CApplication->run()
#22 {main} REQUEST_URI=/yii/demos/blog/index.php/post/index
2011/09/16 16:22:29 [error] [exception.CDbException] could not find driver
2011/09/16 16:22:29 [error] [exception.CDbException] exception 'CDbException' with message 'CDbConnection failed to open the DB connection.' in D:\Dropbox\PROJECTS_DIR\diamant_catalog\yii\framework\db\CDbConnection.php:370
Stack trace:
#0 D:\Dropbox\PROJECTS_DIR\diamant_catalog\yii\framework\db\CDbConnection.php(313): CDbConnection->open()
#1 D:\Dropbox\PROJECTS_DIR\diamant_catalog\yii\framework\db\CDbConnection.php(291): CDbConnection->setActive(true)
#2 D:\Dropbox\PROJECTS_DIR\diamant_catalog\yii\framework\base\CModule.php(372): CDbConnection->init()
#3 D:\Dropbox\PROJECTS_DIR\diamant_catalog\yii\framework\base\CApplication.php(429): CModule->getComponent('db')
#4 D:\Dropbox\PROJECTS_DIR\diamant_catalog\yii\framework\db\ar\CActiveRecord.php(609): CApplication->getDb()
#5 D:\Dropbox\PROJECTS_DIR\diamant_catalog\yii\framework\db\ar\CActiveRecord.php(2275): CActiveRecord->getDbConnection()
#6 D:\Dropbox\PROJECTS_DIR\diamant_catalog\yii\framework\db\ar\CActiveRecord.php(372): CActiveRecordMetaData->__construct(Object(Post))
#7 D:\Dropbox\PROJECTS_DIR\diamant_catalog\yii\framework\web\CActiveDataProvider.php(72): CActiveRecord::model('Post')
#8 D:\Dropbox\PROJECTS_DIR\diamant_catalog\yii\demos\blog\protected\controllers\PostController.php(132): CActiveDataProvider->__construct('Post', Array)
#9 D:\Dropbox\PROJECTS_DIR\diamant_catalog\yii\framework\web\actions\CInlineAction.php(50): PostController->actionIndex()
#10 D:\Dropbox\PROJECTS_DIR\diamant_catalog\yii\framework\web\CController.php(300): CInlineAction->runWithParams(Array)
#11 D:\Dropbox\PROJECTS_DIR\diamant_catalog\yii\framework\web\filters\CFilterChain.php(134): CController->runAction(Object(CInlineAction))
#12 D:\Dropbox\PROJECTS_DIR\diamant_catalog\yii\framework\web\filters\CFilter.php(41): CFilterChain->run()
#13 D:\Dropbox\PROJECTS_DIR\diamant_catalog\yii\framework\web\CController.php(1144): CFilter->filter(Object(CFilterChain))
#14 D:\Dropbox\PROJECTS_DIR\diamant_catalog\yii\framework\web\filters\CInlineFilter.php(59): CController->filterAccessControl(Object(CFilterChain))
#15 D:\Dropbox\PROJECTS_DIR\diamant_catalog\yii\framework\web\filters\CFilterChain.php(131): CInlineFilter->filter(Object(CFilterChain))
#16 D:\Dropbox\PROJECTS_DIR\diamant_catalog\yii\framework\web\CController.php(283): CFilterChain->run()
#17 D:\Dropbox\PROJECTS_DIR\diamant_catalog\yii\framework\web\CController.php(257): CController->runActionWithFilters(Object(CInlineAction), Array)
#18 D:\Dropbox\PROJECTS_DIR\diamant_catalog\yii\framework\web\CWebApplication.php(277): CController->run('index')
#19 D:\Dropbox\PROJECTS_DIR\diamant_catalog\yii\framework\web\CWebApplication.php(136): CWebApplication->runController('post/index')
#20 D:\Dropbox\PROJECTS_DIR\diamant_catalog\yii\framework\base\CApplication.php(158): CWebApplication->processRequest()
#21 D:\Dropbox\PROJECTS_DIR\diamant_catalog\yii\demos\blog\index.php(11): CApplication->run()
#22 {main} REQUEST_URI=/yii/demos/blog/index.php/post/index
2011/09/16 16:42:30 [error] [exception.CDbException] could not find driver
2011/09/16 16:42:30 [error] [exception.CDbException] exception 'CDbException' with message 'CDbConnection failed to open the DB connection.' in D:\Dropbox\PROJECTS_DIR\diamant_catalog\yii\framework\db\CDbConnection.php:370
Stack trace:
#0 D:\Dropbox\PROJECTS_DIR\diamant_catalog\yii\framework\db\CDbConnection.php(313): CDbConnection->open()
#1 D:\Dropbox\PROJECTS_DIR\diamant_catalog\yii\framework\db\CDbConnection.php(291): CDbConnection->setActive(true)
#2 D:\Dropbox\PROJECTS_DIR\diamant_catalog\yii\framework\base\CModule.php(372): CDbConnection->init()
#3 D:\Dropbox\PROJECTS_DIR\diamant_catalog\yii\framework\base\CApplication.php(429): CModule->getComponent('db')
#4 D:\Dropbox\PROJECTS_DIR\diamant_catalog\yii\framework\db\ar\CActiveRecord.php(609): CApplication->getDb()
#5 D:\Dropbox\PROJECTS_DIR\diamant_catalog\yii\framework\db\ar\CActiveRecord.php(2275): CActiveRecord->getDbConnection()
#6 D:\Dropbox\PROJECTS_DIR\diamant_catalog\yii\framework\db\ar\CActiveRecord.php(372): CActiveRecordMetaData->__construct(Object(Post))
#7 D:\Dropbox\PROJECTS_DIR\diamant_catalog\yii\framework\web\CActiveDataProvider.php(72): CActiveRecord::model('Post')
#8 D:\Dropbox\PROJECTS_DIR\diamant_catalog\yii\demos\blog\protected\controllers\PostController.php(132): CActiveDataProvider->__construct('Post', Array)
#9 D:\Dropbox\PROJECTS_DIR\diamant_catalog\yii\framework\web\actions\CInlineAction.php(50): PostController->actionIndex()
#10 D:\Dropbox\PROJECTS_DIR\diamant_catalog\yii\framework\web\CController.php(300): CInlineAction->runWithParams(Array)
#11 D:\Dropbox\PROJECTS_DIR\diamant_catalog\yii\framework\web\filters\CFilterChain.php(134): CController->runAction(Object(CInlineAction))
#12 D:\Dropbox\PROJECTS_DIR\diamant_catalog\yii\framework\web\filters\CFilter.php(41): CFilterChain->run()
#13 D:\Dropbox\PROJECTS_DIR\diamant_catalog\yii\framework\web\CController.php(1144): CFilter->filter(Object(CFilterChain))
#14 D:\Dropbox\PROJECTS_DIR\diamant_catalog\yii\framework\web\filters\CInlineFilter.php(59): CController->filterAccessControl(Object(CFilterChain))
#15 D:\Dropbox\PROJECTS_DIR\diamant_catalog\yii\framework\web\filters\CFilterChain.php(131): CInlineFilter->filter(Object(CFilterChain))
#16 D:\Dropbox\PROJECTS_DIR\diamant_catalog\yii\framework\web\CController.php(283): CFilterChain->run()
#17 D:\Dropbox\PROJECTS_DIR\diamant_catalog\yii\framework\web\CController.php(257): CController->runActionWithFilters(Object(CInlineAction), Array)
#18 D:\Dropbox\PROJECTS_DIR\diamant_catalog\yii\framework\web\CWebApplication.php(277): CController->run('index')
#19 D:\Dropbox\PROJECTS_DIR\diamant_catalog\yii\framework\web\CWebApplication.php(136): CWebApplication->runController('post/index')
#20 D:\Dropbox\PROJECTS_DIR\diamant_catalog\yii\framework\base\CApplication.php(158): CWebApplication->processRequest()
#21 D:\Dropbox\PROJECTS_DIR\diamant_catalog\yii\demos\blog\index.php(11): CApplication->run()
#22 {main} REQUEST_URI=/yii/demos/blog/index.php/post/index
2011/09/16 17:06:21 [error] [exception.CDbException] could not find driver
2011/09/16 17:06:21 [error] [exception.CDbException] exception 'CDbException' with message 'CDbConnection failed to open the DB connection.' in D:\Dropbox\PROJECTS_DIR\diamant_catalog\yii\framework\db\CDbConnection.php:370
Stack trace:
#0 D:\Dropbox\PROJECTS_DIR\diamant_catalog\yii\framework\db\CDbConnection.php(313): CDbConnection->open()
#1 D:\Dropbox\PROJECTS_DIR\diamant_catalog\yii\framework\db\CDbConnection.php(291): CDbConnection->setActive(true)
#2 D:\Dropbox\PROJECTS_DIR\diamant_catalog\yii\framework\base\CModule.php(372): CDbConnection->init()
#3 D:\Dropbox\PROJECTS_DIR\diamant_catalog\yii\framework\base\CApplication.php(429): CModule->getComponent('db')
#4 D:\Dropbox\PROJECTS_DIR\diamant_catalog\yii\framework\db\ar\CActiveRecord.php(609): CApplication->getDb()
#5 D:\Dropbox\PROJECTS_DIR\diamant_catalog\yii\framework\db\ar\CActiveRecord.php(2275): CActiveRecord->getDbConnection()
#6 D:\Dropbox\PROJECTS_DIR\diamant_catalog\yii\framework\db\ar\CActiveRecord.php(372): CActiveRecordMetaData->__construct(Object(Post))
#7 D:\Dropbox\PROJECTS_DIR\diamant_catalog\yii\framework\web\CActiveDataProvider.php(72): CActiveRecord::model('Post')
#8 D:\Dropbox\PROJECTS_DIR\diamant_catalog\yii\demos\blog\protected\controllers\PostController.php(132): CActiveDataProvider->__construct('Post', Array)
#9 D:\Dropbox\PROJECTS_DIR\diamant_catalog\yii\framework\web\actions\CInlineAction.php(50): PostController->actionIndex()
#10 D:\Dropbox\PROJECTS_DIR\diamant_catalog\yii\framework\web\CController.php(300): CInlineAction->runWithParams(Array)
#11 D:\Dropbox\PROJECTS_DIR\diamant_catalog\yii\framework\web\filters\CFilterChain.php(134): CController->runAction(Object(CInlineAction))
#12 D:\Dropbox\PROJECTS_DIR\diamant_catalog\yii\framework\web\filters\CFilter.php(41): CFilterChain->run()
#13 D:\Dropbox\PROJECTS_DIR\diamant_catalog\yii\framework\web\CController.php(1144): CFilter->filter(Object(CFilterChain))
#14 D:\Dropbox\PROJECTS_DIR\diamant_catalog\yii\framework\web\filters\CInlineFilter.php(59): CController->filterAccessControl(Object(CFilterChain))
#15 D:\Dropbox\PROJECTS_DIR\diamant_catalog\yii\framework\web\filters\CFilterChain.php(131): CInlineFilter->filter(Object(CFilterChain))
#16 D:\Dropbox\PROJECTS_DIR\diamant_catalog\yii\framework\web\CController.php(283): CFilterChain->run()
#17 D:\Dropbox\PROJECTS_DIR\diamant_catalog\yii\framework\web\CController.php(257): CController->runActionWithFilters(Object(CInlineAction), Array)
#18 D:\Dropbox\PROJECTS_DIR\diamant_catalog\yii\framework\web\CWebApplication.php(277): CController->run('index')
#19 D:\Dropbox\PROJECTS_DIR\diamant_catalog\yii\framework\web\CWebApplication.php(136): CWebApplication->runController('post/index')
#20 D:\Dropbox\PROJECTS_DIR\diamant_catalog\yii\framework\base\CApplication.php(158): CWebApplication->processRequest()
#21 D:\Dropbox\PROJECTS_DIR\diamant_catalog\yii\demos\blog\index.php(11): CApplication->run()
#22 {main} REQUEST_URI=/yii/demos/blog/index.php/post/index
