2011/09/16 14:42:10 [error] [exception.CException] exception 'CException' with message 'CAssetManager.basePath "D:\Dropbox\PROJECTS_DIR\diamant_catalog\assets" is invalid. Please make sure the directory exists and is writable by the Web server process.' in D:\Dropbox\PROJECTS_DIR\diamant_catalog\yii\framework\web\CAssetManager.php:112
Stack trace:
#0 D:\Dropbox\PROJECTS_DIR\diamant_catalog\yii\framework\web\CAssetManager.php(97): CAssetManager->setBasePath('D:\Dropbox\PROJ...')
#1 D:\Dropbox\PROJECTS_DIR\diamant_catalog\yii\framework\web\CAssetManager.php(207): CAssetManager->getBasePath()
#2 D:\Dropbox\PROJECTS_DIR\diamant_catalog\yii\framework\web\CClientScript.php(453): CAssetManager->publish('D:\Dropbox\PROJ...')
#3 D:\Dropbox\PROJECTS_DIR\diamant_catalog\yii\framework\web\CClientScript.php(490): CClientScript->getCoreScriptUrl()
#4 D:\Dropbox\PROJECTS_DIR\diamant_catalog\yii\framework\web\CClientScript.php(306): CClientScript->getPackageBaseUrl('jquery')
#5 D:\Dropbox\PROJECTS_DIR\diamant_catalog\yii\framework\web\CClientScript.php(197): CClientScript->renderCoreScripts()
#6 D:\Dropbox\PROJECTS_DIR\diamant_catalog\yii\framework\web\CController.php(343): CClientScript->render('<!DOCTYPE html ...')
#7 D:\Dropbox\PROJECTS_DIR\diamant_catalog\yii\framework\web\CController.php(785): CController->processOutput('<!DOCTYPE html ...')
#8 D:\Dropbox\PROJECTS_DIR\diamant_catalog\protected\controllers\SiteController.php(66): CController->render('contact', Array)
#9 D:\Dropbox\PROJECTS_DIR\diamant_catalog\yii\framework\web\actions\CInlineAction.php(50): SiteController->actionContact()
#10 D:\Dropbox\PROJECTS_DIR\diamant_catalog\yii\framework\web\CController.php(300): CInlineAction->runWithParams(Array)
#11 D:\Dropbox\PROJECTS_DIR\diamant_catalog\yii\framework\web\CController.php(278): CController->runAction(Object(CInlineAction))
#12 D:\Dropbox\PROJECTS_DIR\diamant_catalog\yii\framework\web\CController.php(257): CController->runActionWithFilters(Object(CInlineAction), Array)
#13 D:\Dropbox\PROJECTS_DIR\diamant_catalog\yii\framework\web\CWebApplication.php(277): CController->run('contact')
#14 D:\Dropbox\PROJECTS_DIR\diamant_catalog\yii\framework\web\CWebApplication.php(136): CWebApplication->runController('site/contact')
#15 D:\Dropbox\PROJECTS_DIR\diamant_catalog\yii\framework\base\CApplication.php(158): CWebApplication->processRequest()
#16 D:\Dropbox\PROJECTS_DIR\diamant_catalog\index.php(13): CApplication->run()
#17 {main} REQUEST_URI=/index.php?r=site/contact
2011/09/16 14:42:13 [error] [exception.CException] exception 'CException' with message 'CAssetManager.basePath "D:\Dropbox\PROJECTS_DIR\diamant_catalog\assets" is invalid. Please make sure the directory exists and is writable by the Web server process.' in D:\Dropbox\PROJECTS_DIR\diamant_catalog\yii\framework\web\CAssetManager.php:112
Stack trace:
#0 D:\Dropbox\PROJECTS_DIR\diamant_catalog\yii\framework\web\CAssetManager.php(97): CAssetManager->setBasePath('D:\Dropbox\PROJ...')
#1 D:\Dropbox\PROJECTS_DIR\diamant_catalog\yii\framework\web\CAssetManager.php(207): CAssetManager->getBasePath()
#2 D:\Dropbox\PROJECTS_DIR\diamant_catalog\yii\framework\web\CClientScript.php(453): CAssetManager->publish('D:\Dropbox\PROJ...')
#3 D:\Dropbox\PROJECTS_DIR\diamant_catalog\yii\framework\web\CClientScript.php(490): CClientScript->getCoreScriptUrl()
#4 D:\Dropbox\PROJECTS_DIR\diamant_catalog\yii\framework\web\CClientScript.php(306): CClientScript->getPackageBaseUrl('jquery')
#5 D:\Dropbox\PROJECTS_DIR\diamant_catalog\yii\framework\web\CClientScript.php(197): CClientScript->renderCoreScripts()
#6 D:\Dropbox\PROJECTS_DIR\diamant_catalog\yii\framework\web\CController.php(343): CClientScript->render('<!DOCTYPE html ...')
#7 D:\Dropbox\PROJECTS_DIR\diamant_catalog\yii\framework\web\CController.php(785): CController->processOutput('<!DOCTYPE html ...')
#8 D:\Dropbox\PROJECTS_DIR\diamant_catalog\protected\controllers\SiteController.php(66): CController->render('contact', Array)
#9 D:\Dropbox\PROJECTS_DIR\diamant_catalog\yii\framework\web\actions\CInlineAction.php(50): SiteController->actionContact()
#10 D:\Dropbox\PROJECTS_DIR\diamant_catalog\yii\framework\web\CController.php(300): CInlineAction->runWithParams(Array)
#11 D:\Dropbox\PROJECTS_DIR\diamant_catalog\yii\framework\web\CController.php(278): CController->runAction(Object(CInlineAction))
#12 D:\Dropbox\PROJECTS_DIR\diamant_catalog\yii\framework\web\CController.php(257): CController->runActionWithFilters(Object(CInlineAction), Array)
#13 D:\Dropbox\PROJECTS_DIR\diamant_catalog\yii\framework\web\CWebApplication.php(277): CController->run('contact')
#14 D:\Dropbox\PROJECTS_DIR\diamant_catalog\yii\framework\web\CWebApplication.php(136): CWebApplication->runController('site/contact')
#15 D:\Dropbox\PROJECTS_DIR\diamant_catalog\yii\framework\base\CApplication.php(158): CWebApplication->processRequest()
#16 D:\Dropbox\PROJECTS_DIR\diamant_catalog\index.php(13): CApplication->run()
#17 {main} REQUEST_URI=/index.php?r=site/contact
2011/09/16 14:42:51 [error] [exception.CException] exception 'CException' with message 'CAssetManager.basePath "D:\Dropbox\PROJECTS_DIR\diamant_catalog\assets" is invalid. Please make sure the directory exists and is writable by the Web server process.' in D:\Dropbox\PROJECTS_DIR\diamant_catalog\yii\framework\web\CAssetManager.php:112
Stack trace:
#0 D:\Dropbox\PROJECTS_DIR\diamant_catalog\yii\framework\web\CAssetManager.php(97): CAssetManager->setBasePath('D:\Dropbox\PROJ...')
#1 D:\Dropbox\PROJECTS_DIR\diamant_catalog\yii\framework\web\CAssetManager.php(207): CAssetManager->getBasePath()
#2 D:\Dropbox\PROJECTS_DIR\diamant_catalog\yii\framework\web\CClientScript.php(453): CAssetManager->publish('D:\Dropbox\PROJ...')
#3 D:\Dropbox\PROJECTS_DIR\diamant_catalog\yii\framework\web\CClientScript.php(490): CClientScript->getCoreScriptUrl()
#4 D:\Dropbox\PROJECTS_DIR\diamant_catalog\yii\framework\web\CClientScript.php(306): CClientScript->getPackageBaseUrl('jquery')
#5 D:\Dropbox\PROJECTS_DIR\diamant_catalog\yii\framework\web\CClientScript.php(197): CClientScript->renderCoreScripts()
#6 D:\Dropbox\PROJECTS_DIR\diamant_catalog\yii\framework\web\CController.php(343): CClientScript->render('<!DOCTYPE html ...')
#7 D:\Dropbox\PROJECTS_DIR\diamant_catalog\yii\framework\web\CController.php(785): CController->processOutput('<!DOCTYPE html ...')
#8 D:\Dropbox\PROJECTS_DIR\diamant_catalog\protected\controllers\SiteController.php(66): CController->render('contact', Array)
#9 D:\Dropbox\PROJECTS_DIR\diamant_catalog\yii\framework\web\actions\CInlineAction.php(50): SiteController->actionContact()
#10 D:\Dropbox\PROJECTS_DIR\diamant_catalog\yii\framework\web\CController.php(300): CInlineAction->runWithParams(Array)
#11 D:\Dropbox\PROJECTS_DIR\diamant_catalog\yii\framework\web\CController.php(278): CController->runAction(Object(CInlineAction))
#12 D:\Dropbox\PROJECTS_DIR\diamant_catalog\yii\framework\web\CController.php(257): CController->runActionWithFilters(Object(CInlineAction), Array)
#13 D:\Dropbox\PROJECTS_DIR\diamant_catalog\yii\framework\web\CWebApplication.php(277): CController->run('contact')
#14 D:\Dropbox\PROJECTS_DIR\diamant_catalog\yii\framework\web\CWebApplication.php(136): CWebApplication->runController('site/contact')
#15 D:\Dropbox\PROJECTS_DIR\diamant_catalog\yii\framework\base\CApplication.php(158): CWebApplication->processRequest()
#16 D:\Dropbox\PROJECTS_DIR\diamant_catalog\index.php(13): CApplication->run()
#17 {main} REQUEST_URI=/index.php?r=site/contact
2011/09/16 14:43:08 [error] [exception.CException] exception 'CException' with message 'CAssetManager.basePath "D:\Dropbox\PROJECTS_DIR\diamant_catalog\assets" is invalid. Please make sure the directory exists and is writable by the Web server process.' in D:\Dropbox\PROJECTS_DIR\diamant_catalog\yii\framework\web\CAssetManager.php:112
Stack trace:
#0 D:\Dropbox\PROJECTS_DIR\diamant_catalog\yii\framework\web\CAssetManager.php(97): CAssetManager->setBasePath('D:\Dropbox\PROJ...')
#1 D:\Dropbox\PROJECTS_DIR\diamant_catalog\yii\framework\web\CAssetManager.php(207): CAssetManager->getBasePath()
#2 D:\Dropbox\PROJECTS_DIR\diamant_catalog\yii\framework\web\CClientScript.php(453): CAssetManager->publish('D:\Dropbox\PROJ...')
#3 D:\Dropbox\PROJECTS_DIR\diamant_catalog\yii\framework\web\CClientScript.php(490): CClientScript->getCoreScriptUrl()
#4 D:\Dropbox\PROJECTS_DIR\diamant_catalog\yii\framework\web\CClientScript.php(306): CClientScript->getPackageBaseUrl('jquery')
#5 D:\Dropbox\PROJECTS_DIR\diamant_catalog\yii\framework\web\CClientScript.php(197): CClientScript->renderCoreScripts()
#6 D:\Dropbox\PROJECTS_DIR\diamant_catalog\yii\framework\web\CController.php(343): CClientScript->render('<!DOCTYPE html ...')
#7 D:\Dropbox\PROJECTS_DIR\diamant_catalog\yii\framework\web\CController.php(785): CController->processOutput('<!DOCTYPE html ...')
#8 D:\Dropbox\PROJECTS_DIR\diamant_catalog\protected\controllers\SiteController.php(66): CController->render('contact', Array)
#9 D:\Dropbox\PROJECTS_DIR\diamant_catalog\yii\framework\web\actions\CInlineAction.php(50): SiteController->actionContact()
#10 D:\Dropbox\PROJECTS_DIR\diamant_catalog\yii\framework\web\CController.php(300): CInlineAction->runWithParams(Array)
#11 D:\Dropbox\PROJECTS_DIR\diamant_catalog\yii\framework\web\CController.php(278): CController->runAction(Object(CInlineAction))
#12 D:\Dropbox\PROJECTS_DIR\diamant_catalog\yii\framework\web\CController.php(257): CController->runActionWithFilters(Object(CInlineAction), Array)
#13 D:\Dropbox\PROJECTS_DIR\diamant_catalog\yii\framework\web\CWebApplication.php(277): CController->run('contact')
#14 D:\Dropbox\PROJECTS_DIR\diamant_catalog\yii\framework\web\CWebApplication.php(136): CWebApplication->runController('site/contact')
#15 D:\Dropbox\PROJECTS_DIR\diamant_catalog\yii\framework\base\CApplication.php(158): CWebApplication->processRequest()
#16 D:\Dropbox\PROJECTS_DIR\diamant_catalog\index.php(13): CApplication->run()
#17 {main} REQUEST_URI=/index.php?r=site/contact
2011/09/16 14:43:09 [error] [exception.CException] exception 'CException' with message 'CAssetManager.basePath "D:\Dropbox\PROJECTS_DIR\diamant_catalog\assets" is invalid. Please make sure the directory exists and is writable by the Web server process.' in D:\Dropbox\PROJECTS_DIR\diamant_catalog\yii\framework\web\CAssetManager.php:112
Stack trace:
#0 D:\Dropbox\PROJECTS_DIR\diamant_catalog\yii\framework\web\CAssetManager.php(97): CAssetManager->setBasePath('D:\Dropbox\PROJ...')
#1 D:\Dropbox\PROJECTS_DIR\diamant_catalog\yii\framework\web\CAssetManager.php(207): CAssetManager->getBasePath()
#2 D:\Dropbox\PROJECTS_DIR\diamant_catalog\yii\framework\web\CClientScript.php(453): CAssetManager->publish('D:\Dropbox\PROJ...')
#3 D:\Dropbox\PROJECTS_DIR\diamant_catalog\yii\framework\web\CClientScript.php(490): CClientScript->getCoreScriptUrl()
#4 D:\Dropbox\PROJECTS_DIR\diamant_catalog\yii\framework\web\CClientScript.php(306): CClientScript->getPackageBaseUrl('jquery')
#5 D:\Dropbox\PROJECTS_DIR\diamant_catalog\yii\framework\web\CClientScript.php(197): CClientScript->renderCoreScripts()
#6 D:\Dropbox\PROJECTS_DIR\diamant_catalog\yii\framework\web\CController.php(343): CClientScript->render('<!DOCTYPE html ...')
#7 D:\Dropbox\PROJECTS_DIR\diamant_catalog\yii\framework\web\CController.php(785): CController->processOutput('<!DOCTYPE html ...')
#8 D:\Dropbox\PROJECTS_DIR\diamant_catalog\protected\controllers\SiteController.php(66): CController->render('contact', Array)
#9 D:\Dropbox\PROJECTS_DIR\diamant_catalog\yii\framework\web\actions\CInlineAction.php(50): SiteController->actionContact()
#10 D:\Dropbox\PROJECTS_DIR\diamant_catalog\yii\framework\web\CController.php(300): CInlineAction->runWithParams(Array)
#11 D:\Dropbox\PROJECTS_DIR\diamant_catalog\yii\framework\web\CController.php(278): CController->runAction(Object(CInlineAction))
#12 D:\Dropbox\PROJECTS_DIR\diamant_catalog\yii\framework\web\CController.php(257): CController->runActionWithFilters(Object(CInlineAction), Array)
#13 D:\Dropbox\PROJECTS_DIR\diamant_catalog\yii\framework\web\CWebApplication.php(277): CController->run('contact')
#14 D:\Dropbox\PROJECTS_DIR\diamant_catalog\yii\framework\web\CWebApplication.php(136): CWebApplication->runController('site/contact')
#15 D:\Dropbox\PROJECTS_DIR\diamant_catalog\yii\framework\base\CApplication.php(158): CWebApplication->processRequest()
#16 D:\Dropbox\PROJECTS_DIR\diamant_catalog\index.php(13): CApplication->run()
#17 {main} REQUEST_URI=/index.php?r=site/contact
2011/09/16 17:06:27 [error] [exception.CException] exception 'CException' with message 'Property "CActiveForm.enctype" is not defined.' in D:\Dropbox\PROJECTS_DIR\diamant_catalog\yii\framework\base\CComponent.php:174
Stack trace:
#0 D:\Dropbox\PROJECTS_DIR\diamant_catalog\yii\framework\web\CWidgetFactory.php(162): CComponent->__set('enctype', 'multipart/form-...')
#1 D:\Dropbox\PROJECTS_DIR\diamant_catalog\yii\framework\web\CBaseController.php(139): CWidgetFactory->createWidget(Object(CatalogController), 'CActiveForm', Array)
#2 D:\Dropbox\PROJECTS_DIR\diamant_catalog\yii\framework\web\CBaseController.php(182): CBaseController->createWidget('CActiveForm', Array)
#3 D:\Dropbox\PROJECTS_DIR\diamant_catalog\protected\views\catalog\create.php(3): CBaseController->beginWidget('CActiveForm', Array)
#4 D:\Dropbox\PROJECTS_DIR\diamant_catalog\yii\framework\web\CBaseController.php(119): require('D:\Dropbox\PROJ...')
#5 D:\Dropbox\PROJECTS_DIR\diamant_catalog\yii\framework\web\CBaseController.php(88): CBaseController->renderInternal('D:\Dropbox\PROJ...', NULL, true)
#6 D:\Dropbox\PROJECTS_DIR\diamant_catalog\yii\framework\web\CController.php(866): CBaseController->renderFile('D:\Dropbox\PROJ...', NULL, true)
#7 D:\Dropbox\PROJECTS_DIR\diamant_catalog\yii\framework\web\CController.php(779): CController->renderPartial('create', NULL, true)
#8 D:\Dropbox\PROJECTS_DIR\diamant_catalog\protected\controllers\CatalogController.php(33): CController->render('create')
#9 D:\Dropbox\PROJECTS_DIR\diamant_catalog\yii\framework\web\actions\CInlineAction.php(50): CatalogController->actionCreate()
#10 D:\Dropbox\PROJECTS_DIR\diamant_catalog\yii\framework\web\CController.php(300): CInlineAction->runWithParams(Array)
#11 D:\Dropbox\PROJECTS_DIR\diamant_catalog\yii\framework\web\CController.php(278): CController->runAction(Object(CInlineAction))
#12 D:\Dropbox\PROJECTS_DIR\diamant_catalog\yii\framework\web\CController.php(257): CController->runActionWithFilters(Object(CInlineAction), Array)
#13 D:\Dropbox\PROJECTS_DIR\diamant_catalog\yii\framework\web\CWebApplication.php(277): CController->run('create')
#14 D:\Dropbox\PROJECTS_DIR\diamant_catalog\yii\framework\web\CWebApplication.php(136): CWebApplication->runController('catalog/create')
#15 D:\Dropbox\PROJECTS_DIR\diamant_catalog\yii\framework\base\CApplication.php(158): CWebApplication->processRequest()
#16 D:\Dropbox\PROJECTS_DIR\diamant_catalog\index.php(13): CApplication->run()
#17 {main} REQUEST_URI=/index.php?r=catalog/create
2011/09/16 17:09:00 [error] [php] Missing argument 2 for CActiveForm::fileField(), called in D:\Dropbox\PROJECTS_DIR\diamant_catalog\protected\views\catalog\create.php on line 12 and defined (D:\Dropbox\PROJECTS_DIR\diamant_catalog\yii\framework\web\widgets\CActiveForm.php:626)
Stack trace:
#0 D:\Dropbox\PROJECTS_DIR\diamant_catalog\yii\framework\web\CBaseController.php(88): CatalogController->renderInternal()
#1 D:\Dropbox\PROJECTS_DIR\diamant_catalog\yii\framework\web\CController.php(866): CatalogController->renderFile()
#2 D:\Dropbox\PROJECTS_DIR\diamant_catalog\yii\framework\web\CController.php(779): CatalogController->renderPartial()
#3 D:\Dropbox\PROJECTS_DIR\diamant_catalog\protected\controllers\CatalogController.php(33): CatalogController->render()
#4 D:\Dropbox\PROJECTS_DIR\diamant_catalog\yii\framework\web\actions\CInlineAction.php(50): CatalogController->actionCreate()
#5 D:\Dropbox\PROJECTS_DIR\diamant_catalog\yii\framework\web\CController.php(300): CInlineAction->runWithParams()
#6 D:\Dropbox\PROJECTS_DIR\diamant_catalog\yii\framework\web\CController.php(278): CatalogController->runAction()
#7 D:\Dropbox\PROJECTS_DIR\diamant_catalog\yii\framework\web\CController.php(257): CatalogController->runActionWithFilters()
#8 D:\Dropbox\PROJECTS_DIR\diamant_catalog\yii\framework\web\CWebApplication.php(277): CatalogController->run()
#9 D:\Dropbox\PROJECTS_DIR\diamant_catalog\yii\framework\web\CWebApplication.php(136): CWebApplication->runController()
#10 D:\Dropbox\PROJECTS_DIR\diamant_catalog\yii\framework\base\CApplication.php(158): CWebApplication->processRequest()
#11 D:\Dropbox\PROJECTS_DIR\diamant_catalog\index.php(13): CWebApplication->run()
REQUEST_URI=/index.php?r=catalog/create
in D:\Dropbox\PROJECTS_DIR\diamant_catalog\protected\views\catalog\create.php (12)
in D:\Dropbox\PROJECTS_DIR\diamant_catalog\protected\controllers\CatalogController.php (33)
in D:\Dropbox\PROJECTS_DIR\diamant_catalog\index.php (13)
2011/09/16 17:28:47 [error] [exception.CException] exception 'CException' with message 'Property "Item.save" is not defined.' in D:\Dropbox\PROJECTS_DIR\diamant_catalog\yii\framework\base\CComponent.php:131
Stack trace:
#0 D:\Dropbox\PROJECTS_DIR\diamant_catalog\yii\framework\db\ar\CActiveRecord.php(129): CComponent->__get('save')
#1 D:\Dropbox\PROJECTS_DIR\diamant_catalog\protected\controllers\CatalogController.php(51): CActiveRecord->__get('save')
#2 D:\Dropbox\PROJECTS_DIR\diamant_catalog\yii\framework\web\actions\CInlineAction.php(50): CatalogController->actionCreate()
#3 D:\Dropbox\PROJECTS_DIR\diamant_catalog\yii\framework\web\CController.php(300): CInlineAction->runWithParams(Array)
#4 D:\Dropbox\PROJECTS_DIR\diamant_catalog\yii\framework\web\CController.php(278): CController->runAction(Object(CInlineAction))
#5 D:\Dropbox\PROJECTS_DIR\diamant_catalog\yii\framework\web\CController.php(257): CController->runActionWithFilters(Object(CInlineAction), Array)
#6 D:\Dropbox\PROJECTS_DIR\diamant_catalog\yii\framework\web\CWebApplication.php(277): CController->run('create')
#7 D:\Dropbox\PROJECTS_DIR\diamant_catalog\yii\framework\web\CWebApplication.php(136): CWebApplication->runController('catalog/create')
#8 D:\Dropbox\PROJECTS_DIR\diamant_catalog\yii\framework\base\CApplication.php(158): CWebApplication->processRequest()
#9 D:\Dropbox\PROJECTS_DIR\diamant_catalog\index.php(13): CApplication->run()
#10 {main} REQUEST_URI=/index.php?r=catalog/create
2011/09/16 17:58:02 [error] [php] Invalid argument supplied for foreach() (D:\Dropbox\PROJECTS_DIR\diamant_catalog\protected\views\catalog\index.php:4)
Stack trace:
#0 D:\Dropbox\PROJECTS_DIR\diamant_catalog\yii\framework\web\CController.php(866): CatalogController->renderFile()
#1 D:\Dropbox\PROJECTS_DIR\diamant_catalog\yii\framework\web\CController.php(779): CatalogController->renderPartial()
#2 D:\Dropbox\PROJECTS_DIR\diamant_catalog\protected\controllers\CatalogController.php(30): CatalogController->render()
#3 D:\Dropbox\PROJECTS_DIR\diamant_catalog\yii\framework\web\actions\CInlineAction.php(50): CatalogController->actionIndex()
#4 D:\Dropbox\PROJECTS_DIR\diamant_catalog\yii\framework\web\CController.php(300): CInlineAction->runWithParams()
#5 D:\Dropbox\PROJECTS_DIR\diamant_catalog\yii\framework\web\CController.php(278): CatalogController->runAction()
#6 D:\Dropbox\PROJECTS_DIR\diamant_catalog\yii\framework\web\CController.php(257): CatalogController->runActionWithFilters()
#7 D:\Dropbox\PROJECTS_DIR\diamant_catalog\yii\framework\web\CWebApplication.php(277): CatalogController->run()
#8 D:\Dropbox\PROJECTS_DIR\diamant_catalog\yii\framework\web\CWebApplication.php(136): CWebApplication->runController()
#9 D:\Dropbox\PROJECTS_DIR\diamant_catalog\yii\framework\base\CApplication.php(158): CWebApplication->processRequest()
#10 D:\Dropbox\PROJECTS_DIR\diamant_catalog\index.php(13): CWebApplication->run()
REQUEST_URI=/index.php?r=catalog/index
in D:\Dropbox\PROJECTS_DIR\diamant_catalog\protected\views\catalog\index.php (4)
in D:\Dropbox\PROJECTS_DIR\diamant_catalog\protected\controllers\CatalogController.php (30)
in D:\Dropbox\PROJECTS_DIR\diamant_catalog\index.php (13)
2011/09/16 17:58:27 [error] [php] Invalid argument supplied for foreach() (D:\Dropbox\PROJECTS_DIR\diamant_catalog\protected\views\catalog\index.php:4)
Stack trace:
#0 D:\Dropbox\PROJECTS_DIR\diamant_catalog\yii\framework\web\CController.php(866): CatalogController->renderFile()
#1 D:\Dropbox\PROJECTS_DIR\diamant_catalog\yii\framework\web\CController.php(779): CatalogController->renderPartial()
#2 D:\Dropbox\PROJECTS_DIR\diamant_catalog\protected\controllers\CatalogController.php(30): CatalogController->render()
#3 D:\Dropbox\PROJECTS_DIR\diamant_catalog\yii\framework\web\actions\CInlineAction.php(50): CatalogController->actionIndex()
#4 D:\Dropbox\PROJECTS_DIR\diamant_catalog\yii\framework\web\CController.php(300): CInlineAction->runWithParams()
#5 D:\Dropbox\PROJECTS_DIR\diamant_catalog\yii\framework\web\CController.php(278): CatalogController->runAction()
#6 D:\Dropbox\PROJECTS_DIR\diamant_catalog\yii\framework\web\CController.php(257): CatalogController->runActionWithFilters()
#7 D:\Dropbox\PROJECTS_DIR\diamant_catalog\yii\framework\web\CWebApplication.php(277): CatalogController->run()
#8 D:\Dropbox\PROJECTS_DIR\diamant_catalog\yii\framework\web\CWebApplication.php(136): CWebApplication->runController()
#9 D:\Dropbox\PROJECTS_DIR\diamant_catalog\yii\framework\base\CApplication.php(158): CWebApplication->processRequest()
#10 D:\Dropbox\PROJECTS_DIR\diamant_catalog\index.php(13): CWebApplication->run()
REQUEST_URI=/index.php?r=catalog/index
in D:\Dropbox\PROJECTS_DIR\diamant_catalog\protected\views\catalog\index.php (4)
in D:\Dropbox\PROJECTS_DIR\diamant_catalog\protected\controllers\CatalogController.php (30)
in D:\Dropbox\PROJECTS_DIR\diamant_catalog\index.php (13)
